<?xml version="1.0" encoding="UTF-8"?>
<testng-results skipped="0" failed="0" total="1" passed="1">
  <reporter-output>
  </reporter-output>
  <suite name="Default suite" duration-ms="38056" started-at="2014-08-02T16:25:25Z" finished-at="2014-08-02T16:26:03Z">
    <groups>
      <group name="start126">
        <method signature="BrowserTest.start126()[pri:0, instance:browser.BrowserTest@6baa9f99]" name="start126" class="browser.BrowserTest"/>
      </group> <!-- start126 -->
    </groups>
    <test name="Default test" duration-ms="38056" started-at="2014-08-02T16:25:25Z" finished-at="2014-08-02T16:26:03Z">
      <class name="browser.BrowserTest">
        <test-method status="PASS" signature="inital(java.lang.String, java.lang.String)[pri:0, instance:browser.BrowserTest@6baa9f99]" name="inital" is-config="true" duration-ms="12973" started-at="2014-08-03T00:25:25Z" finished-at="2014-08-03T00:25:38Z">
          <params>
            <param index="0">
              <value>
                <![CDATA[/src/tool/test.properties]]>
              </value>
            </param>
            <param index="1">
              <value>
                <![CDATA[/src/tool/locator.properties]]>
              </value>
            </param>
          </params>
          <reporter-output>
          </reporter-output>
        </test-method> <!-- inital -->
        <test-method status="PASS" signature="start126()[pri:0, instance:browser.BrowserTest@6baa9f99]" name="start126" duration-ms="14250" started-at="2014-08-03T00:25:38Z" finished-at="2014-08-03T00:25:52Z">
          <reporter-output>
          </reporter-output>
        </test-method> <!-- start126 -->
        <test-method status="PASS" signature="afterClass()[pri:0, instance:browser.BrowserTest@6baa9f99]" name="afterClass" is-config="true" duration-ms="10820" started-at="2014-08-03T00:25:52Z" finished-at="2014-08-03T00:26:03Z">
          <reporter-output>
          </reporter-output>
        </test-method> <!-- afterClass -->
      </class> <!-- browser.BrowserTest -->
    </test> <!-- Default test -->
  </suite> <!-- Default suite -->
</testng-results>
